<?xml version="1.0" encoding="UTF-8"?>
<!-- Generated by org.testng.reporters.JUnitReportReporter -->
<testsuite hostname="LAPTOP-DOHQRCCL" failures="0" tests="2" name="exception.NewTest" time="0.001" errors="0" timestamp="2023-04-27T07:07:33 IST" skipped="0">
  <testcase classname="exception.NewTest" name="test" time="0.000"/>
  <system-out/>
  <testcase classname="exception.NewTest" name="test1" time="0.001"/>
  <system-out/>
</testsuite> <!-- exception.NewTest -->
