<?xml version="1.0" encoding="UTF-8"?>
<!-- Generated by org.testng.reporters.JUnitReportReporter -->
<testsuite hostname="LAPTOP-DOHQRCCL" failures="0" tests="2" name="com.BankAccount" time="0.015" errors="0" timestamp="2023-04-27T07:03:05 IST" skipped="0">
  <testcase classname="com.BankAccount" name="currentAccount" time="0.014"/>
  <system-out/>
  <testcase classname="com.BankAccount" name="loanAccount" time="0.001"/>
  <system-out/>
</testsuite> <!-- com.BankAccount -->
