<?xml version="1.0" encoding="UTF-8"?>
<!-- Generated by org.testng.reporters.JUnitReportReporter -->
<testsuite hostname="LAPTOP-DOHQRCCL" failures="0" tests="4" name="basic.NewTest" time="0.015" errors="0" timestamp="2023-04-15T06:36:41 IST" skipped="1">
  <testcase classname="basic.NewTest" name="alpha" time="0.005"/>
  <system-out/>
  <testcase classname="basic.NewTest" name="login" time="0.003"/>
  <system-out/>
  <testcase classname="basic.NewTest" name="beta" time="0.007"/>
  <system-out/>
  <testcase classname="basic.NewTest" name="home">
    <skipped/>
  </testcase> <!-- home -->
  <system-out/>
</testsuite> <!-- basic.NewTest -->
