<?xml version="1.0" encoding="UTF-8"?>
<!-- Generated by org.testng.reporters.JUnitReportReporter -->
<testsuite hostname="LAPTOP-DOHQRCCL" failures="0" tests="1" name="parameter.LoginTest" time="4.571" errors="0" timestamp="2023-04-15T06:57:34 IST" skipped="0">
  <testcase classname="parameter.LoginTest" name="login" time="4.571"/>
  <system-out/>
</testsuite> <!-- parameter.LoginTest -->
