<?xml version="1.0" encoding="UTF-8"?>
<!-- Generated by org.testng.reporters.JUnitReportReporter -->
<testsuite hostname="LAPTOP-DOHQRCCL" failures="0" tests="6" name="com.Payment" time="0.032" errors="0" timestamp="2023-04-15T06:36:41 IST" skipped="0">
  <testcase classname="com.Payment" name="cod" time="0.014"/>
  <system-out/>
  <testcase classname="com.Payment" name="debitcard" time="0.002"/>
  <system-out/>
  <testcase classname="com.Payment" name="creditcard" time="0.002"/>
  <system-out/>
  <testcase classname="com.Payment" name="cod" time="0.003"/>
  <system-out/>
  <testcase classname="com.Payment" name="creditcard" time="0.007"/>
  <system-out/>
  <testcase classname="com.Payment" name="debitcard" time="0.004"/>
  <system-out/>
</testsuite> <!-- com.Payment -->
