<?xml version="1.0" encoding="UTF-8"?>
<!-- Generated by org.testng.reporters.JUnitReportReporter -->
<testsuite hostname="LAPTOP-DOHQRCCL" failures="0" tests="6" name="com.BankAccount" time="0.060" errors="0" timestamp="2023-04-15T06:36:41 IST" skipped="0">
  <testcase classname="com.BankAccount" name="savingAccount" time="0.009"/>
  <system-out/>
  <testcase classname="com.BankAccount" name="loanAccount" time="0.002"/>
  <system-out/>
  <testcase classname="com.BankAccount" name="currentAccount" time="0.002"/>
  <system-out/>
  <testcase classname="com.BankAccount" name="loanAccount" time="0.006"/>
  <system-out/>
  <testcase classname="com.BankAccount" name="savingAccount" time="0.018"/>
  <system-out/>
  <testcase classname="com.BankAccount" name="currentAccount" time="0.023"/>
  <system-out/>
</testsuite> <!-- com.BankAccount -->
