<?xml version="1.0" encoding="UTF-8"?>
<!-- Generated by org.testng.reporters.JUnitReportReporter -->
<testsuite hostname="LAPTOP-DOHQRCCL" failures="0" tests="2" name="com.Payment" time="0.002" errors="0" timestamp="2023-04-13T09:19:47 IST" skipped="0">
  <testcase classname="com.Payment" name="creditcard" time="0.001"/>
  <system-out/>
  <testcase classname="com.Payment" name="debitcard" time="0.001"/>
  <system-out/>
</testsuite> <!-- com.Payment -->
