<?xml version="1.0" encoding="UTF-8"?>
<!-- Generated by org.testng.reporters.JUnitReportReporter -->
<testsuite hostname="LAPTOP-DOHQRCCL" failures="0" tests="3" name="parameter.LoginTest_Multipleparamter" time="25.849" errors="0" timestamp="2023-04-15T07:12:52 IST" skipped="0">
  <testcase classname="parameter.LoginTest_Multipleparamter" name="login" time="6.074"/>
  <system-out/>
  <testcase classname="parameter.LoginTest_Multipleparamter" name="login" time="6.053"/>
  <system-out/>
  <testcase classname="parameter.LoginTest_Multipleparamter" name="login" time="13.722"/>
  <system-out/>
</testsuite> <!-- parameter.LoginTest_Multipleparamter -->
