<?xml version="1.0" encoding="UTF-8"?>
<!-- Generated by org.testng.reporters.JUnitReportReporter -->
<testsuite hostname="LAPTOP-DOHQRCCL" failures="0" tests="1" name="practice.MakeMyTrip" time="12.188" errors="0" timestamp="2023-05-27T09:22:11 IST" skipped="0">
  <testcase classname="practice.MakeMyTrip" name="test" time="12.188"/>
  <system-out/>
</testsuite> <!-- practice.MakeMyTrip -->
