<?xml version="1.0" encoding="UTF-8"?>
<!-- Generated by org.testng.reporters.JUnitReportReporter -->
<testsuite hostname="LAPTOP-DOHQRCCL" failures="0" tests="1" name="guru99.Day2" time="13.227" errors="0" timestamp="2023-05-26T09:31:05 IST" skipped="0">
  <testcase classname="guru99.Day2" name="loginTest" time="13.227"/>
  <system-out/>
</testsuite> <!-- guru99.Day2 -->
