<?xml version="1.0" encoding="UTF-8"?>
<!-- Generated by org.testng.reporters.JUnitReportReporter -->
<testsuite hostname="LAPTOP-DOHQRCCL" failures="0" tests="1" name="practice.MakeMyTrip" time="22.711" errors="0" timestamp="2023-05-30T09:47:19 IST" skipped="0">
  <testcase classname="practice.MakeMyTrip" name="test" time="22.711"/>
  <system-out/>
</testsuite> <!-- practice.MakeMyTrip -->
