<?xml version="1.0" encoding="UTF-8"?>
<!-- Generated by org.testng.reporters.JUnitReportReporter -->
<testsuite hostname="LAPTOP-DOHQRCCL" failures="0" tests="1" name="testcase.MyTest2" time="6.428" errors="0" timestamp="2023-05-17T08:48:27 IST" skipped="0">
  <testcase classname="testcase.MyTest2" name="test" time="6.428"/>
  <system-out/>
</testsuite> <!-- testcase.MyTest2 -->
