<?xml version="1.0" encoding="UTF-8"?>
<!-- Generated by org.testng.reporters.JUnitReportReporter -->
<testsuite hostname="LAPTOP-DOHQRCCL" failures="0" tests="1" name="testcase.MyTest2" time="4.836" errors="0" timestamp="2023-05-13T06:51:48 IST" skipped="0">
  <testcase classname="testcase.MyTest2" name="test" time="4.836"/>
  <system-out/>
</testsuite> <!-- testcase.MyTest2 -->
