<?xml version="1.0" encoding="UTF-8"?>
<!-- Generated by org.testng.reporters.JUnitReportReporter -->
<testsuite hostname="LAPTOP-DOHQRCCL" failures="0" tests="1" name="testcase.MyTest" time="15.774" errors="0" timestamp="2023-05-11T07:03:58 IST" skipped="0">
  <testcase classname="testcase.MyTest" name="test" time="15.774"/>
  <system-out/>
</testsuite> <!-- testcase.MyTest -->
