<?xml version="1.0" encoding="UTF-8"?>
<!-- Generated by org.testng.reporters.JUnitReportReporter -->
<testsuite hostname="LAPTOP-DOHQRCCL" failures="0" tests="5" name="com.Datadriven" time="55.891" errors="0" timestamp="2023-04-21T06:41:17 IST" skipped="0">
  <testcase classname="com.Datadriven" name="login" time="14.353"/>
  <system-out/>
  <testcase classname="com.Datadriven" name="login" time="17.710"/>
  <system-out/>
  <testcase classname="com.Datadriven" name="login" time="6.027"/>
  <system-out/>
  <testcase classname="com.Datadriven" name="login" time="6.096"/>
  <system-out/>
  <testcase classname="com.Datadriven" name="login" time="11.705"/>
  <system-out/>
</testsuite> <!-- com.Datadriven -->
