<?xml version="1.0" encoding="UTF-8"?>
<!-- Generated by org.testng.reporters.JUnitReportReporter -->
<testsuite hostname="LAPTOP-DOHQRCCL" failures="0" tests="6" name="com.Hybridframework" time="2.672" errors="0" timestamp="2023-04-22T07:03:43 IST" skipped="0">
  <testcase classname="com.Hybridframework" name="test" time="0.179"/>
  <system-out/>
  <testcase classname="com.Hybridframework" name="test" time="0.162"/>
  <system-out/>
  <testcase classname="com.Hybridframework" name="test" time="0.293"/>
  <system-out/>
  <testcase classname="com.Hybridframework" name="test" time="0.118"/>
  <system-out/>
  <testcase classname="com.Hybridframework" name="test" time="1.830"/>
  <system-out/>
  <testcase classname="com.Hybridframework" name="test" time="0.090"/>
  <system-out/>
</testsuite> <!-- com.Hybridframework -->
